#-----------------------------------------------------------
# Webtalk v2019.2 (64-bit)
# SW Build 2708876 on Wed Nov  6 21:39:14 MST 2019
# 
# Start of session at: Thu Apr 21 00:21:08 2022
# Process ID: 27327
# Current directory: /home/tomas/Vivado/helloWorld/vitis/webtalk
# Command line: wbtcv -mode batch -source vitis_webtalk.tcl
# Log file: /home/tomas/Vivado/helloWorld/vitis/webtalk/webtalk.log
# Journal file: /home/tomas/Vivado/helloWorld/vitis/webtalk/webtalk.jou
#-----------------------------------------------------------
source vitis_webtalk.tcl
# webtalk_init -webtalk_dir /home/tomas/Vivado/helloWorld/vitis/webtalk
# webtalk_register_client -client project
# webtalk_add_data -client project -key date_generated -value "2022-04-21 00:21:06" -context "software_version_and_target_device"
# webtalk_add_data -client project -key product_version -value "Vitis v2019.2" -context "software_version_and_target_device"
# webtalk_add_data -client project -key build_version -value "2019.2" -context "software_version_and_target_device"
# webtalk_add_data -client project -key os_platform -value "amd64" -context "software_version_and_target_device"
# webtalk_add_data -client project -key registration_id -value "NA" -context "software_version_and_target_device"
# webtalk_add_data -client project -key tool_flow -value "Vitis" -context "software_version_and_target_device"
# webtalk_add_data -client project -key beta -value "false" -context "software_version_and_target_device"
# webtalk_add_data -client project -key route_design -value "NA" -context "software_version_and_target_device"
# webtalk_add_data -client project -key target_family -value "NA" -context "software_version_and_target_device"
# webtalk_add_data -client project -key target_device -value "NA" -context "software_version_and_target_device"
# webtalk_add_data -client project -key target_package -value "NA" -context "software_version_and_target_device"
# webtalk_add_data -client project -key target_speed -value "NA" -context "software_version_and_target_device"
# webtalk_add_data -client project -key random_id -value "pgfo3bfajp2c74jkbb0ss1h22v" -context "software_version_and_target_device"
# webtalk_add_data -client project -key project_id -value "2019.2_2" -context "software_version_and_target_device"
# webtalk_add_data -client project -key project_iteration -value "2" -context "software_version_and_target_device"
# webtalk_add_data -client project -key os_name -value "Ubuntu" -context "user_environment"
# webtalk_add_data -client project -key os_release -value "Ubuntu 20.04.4 LTS" -context "user_environment"
# webtalk_add_data -client project -key cpu_name -value "Intel(R) Core(TM) i7-8565U CPU @ 1.80GHz" -context "user_environment"
# webtalk_add_data -client project -key cpu_speed -value "2000.000 MHz" -context "user_environment"
# webtalk_add_data -client project -key total_processors -value "1" -context "user_environment"
# webtalk_add_data -client project -key system_ram -value "16.552 GB" -context "user_environment"
# webtalk_register_client -client vitis
# webtalk_add_data -client vitis -key uid -value "1650496264000" -context "vitis\\\\application/1650496264000"
# webtalk_add_data -client vitis -key project_type -value "sdk" -context "vitis\\\\application/1650496264000"
# webtalk_add_data -client vitis -key os -value "standalone" -context "vitis\\\\application/1650496264000"
# webtalk_add_data -client vitis -key processor -value "ps7_cortexa9" -context "vitis\\\\application/1650496264000"
# webtalk_add_data -client vitis -key runtime -value "cpp" -context "vitis\\\\application/1650496264000"
# webtalk_add_data -client vitis -key template -value "sdk" -context "vitis\\\\application/1650496264000"
# webtalk_add_data -client vitis -key platform -value "NA" -context "vitis\\\\application/1650496264000"
# webtalk_add_data -client vitis -key platform_type -value "NA" -context "vitis\\\\application/1650496264000"
# webtalk_add_data -client vitis -key application_type -value "application" -context "vitis\\\\application/1650496264000"
# webtalk_add_data -client vitis -key platform_source -value "dsa" -context "vitis\\\\application/1650496264000"
# webtalk_add_data -client vitis -key device_family -value "NA" -context "vitis\\\\application/1650496264000"
# webtalk_add_data -client vitis -key fpga -value "7z010" -context "vitis\\\\application/1650496264000"
# webtalk_transmit -clientid 1411876618 -regid "" -xml /home/tomas/Vivado/helloWorld/vitis/webtalk/usage_statistics_ext_vitis.xml -html /home/tomas/Vivado/helloWorld/vitis/webtalk/usage_statistics_ext_vitis.html -wdm /home/tomas/Vivado/helloWorld/vitis/webtalk/vitis_webtalk.wdm -intro "<H3>Vitis Usage Report</H3><BR>"
# webtalk_terminate
INFO: [Common 17-206] Exiting Webtalk at Thu Apr 21 00:21:08 2022...
