This is XeTeX, Version 3.14159265-2.6-0.999991 (TeX Live 2019/Debian) (preloaded format=xelatex 2022.1.21)  18 MAR 2022 17:44
entering extended mode
 restricted \write18 enabled.
 %&-line parsing enabled.
**report.tex
(./report.tex
LaTeX2e <2020-02-02> patch level 2
L3 programming layer <2020-02-14>
(/usr/share/texlive/texmf-dist/tex/latex/base/report.cls
Document Class: report 2019/12/20 v1.4l Standard LaTeX document class
(/usr/share/texlive/texmf-dist/tex/latex/base/size11.clo
File: size11.clo 2019/12/20 v1.4l Standard LaTeX file (size option)
)
\c@part=\count163
\c@chapter=\count164
\c@section=\count165
\c@subsection=\count166
\c@subsubsection=\count167
\c@paragraph=\count168
\c@subparagraph=\count169
\c@figure=\count170
\c@table=\count171
\abovecaptionskip=\skip47
\belowcaptionskip=\skip48
\bibindent=\dimen134
)
(/usr/share/texlive/texmf-dist/tex/latex/geometry/geometry.sty
Package: geometry 2020/01/02 v5.9 Page Geometry

(/usr/share/texlive/texmf-dist/tex/latex/graphics/keyval.sty
Package: keyval 2014/10/28 v1.15 key=value parser (DPC)
\KV@toks@=\toks14
)
(/usr/share/texlive/texmf-dist/tex/generic/iftex/ifvtex.sty
Package: ifvtex 2019/10/25 v1.7 ifvtex legacy package. Use iftex instead.

(/usr/share/texlive/texmf-dist/tex/generic/iftex/iftex.sty
Package: iftex 2019/11/07 v1.0c TeX engine tests
))
\Gm@cnth=\count172
\Gm@cntv=\count173
\c@Gm@tempcnt=\count174
\Gm@bindingoffset=\dimen135
\Gm@wd@mp=\dimen136
\Gm@odd@mp=\dimen137
\Gm@even@mp=\dimen138
\Gm@layoutwidth=\dimen139
\Gm@layoutheight=\dimen140
\Gm@layouthoffset=\dimen141
\Gm@layoutvoffset=\dimen142
\Gm@dimlist=\toks15
)
(/usr/share/texlive/texmf-dist/tex/latex/graphics/graphicx.sty
Package: graphicx 2019/11/30 v1.2a Enhanced LaTeX Graphics (DPC,SPQR)

(/usr/share/texlive/texmf-dist/tex/latex/graphics/graphics.sty
Package: graphics 2019/11/30 v1.4a Standard LaTeX Graphics (DPC,SPQR)

(/usr/share/texlive/texmf-dist/tex/latex/graphics/trig.sty
Package: trig 2016/01/03 v1.10 sin cos tan (DPC)
)
(/usr/share/texlive/texmf-dist/tex/latex/graphics-cfg/graphics.cfg
File: graphics.cfg 2016/06/04 v1.11 sample graphics configuration
)
Package graphics Info: Driver file: xetex.def on input line 105.

(/usr/share/texlive/texmf-dist/tex/latex/graphics-def/xetex.def
File: xetex.def 2017/06/24 v5.0h Graphics/color driver for xetex
))
\Gin@req@height=\dimen143
\Gin@req@width=\dimen144
)
(/usr/share/texlive/texmf-dist/tex/latex/blindtext/blindtext.sty
Package: blindtext 2012/01/06 V2.0 blindtext-Package

(/usr/share/texlive/texmf-dist/tex/latex/tools/xspace.sty
Package: xspace 2014/10/28 v1.13 Space after command names (DPC,MH)
)
\c@blindtext=\count175
\c@Blindtext=\count176
\c@blind@countparstart=\count177
\blind@countxx=\count178
\blindtext@numBlindtext=\count179
\blind@countyy=\count180
\c@blindlist=\count181
\c@blindlistlevel=\count182
\c@blindlist@level=\count183
\blind@listitem=\count184
\c@blind@listcount=\count185
\c@blind@levelcount=\count186
\blind@mathformula=\count187
\blind@Mathformula=\count188
\c@blind@randomcount=\count189
\c@blind@randommax=\count190
\c@blind@pangramcount=\count191
\c@blind@pangrammax=\count192
)
(/usr/share/texlive/texmf-dist/tex/latex/fontspec/fontspec.sty
(/usr/share/texlive/texmf-dist/tex/latex/l3packages/xparse/xparse.sty
(/usr/share/texlive/texmf-dist/tex/latex/l3kernel/expl3.sty
Package: expl3 2020-02-14 L3 programming layer (loader) 

(/usr/share/texlive/texmf-dist/tex/latex/l3backend/l3backend-xdvipdfmx.def
File: l3backend-xdvipdfmx.def 2020-02-03 L3 backend support: xdvipdfmx
\g__graphics_track_int=\count193
\l__pdf_internal_box=\box45
\g__pdf_backend_object_int=\count194
\g__pdf_backend_annotation_int=\count195
))
Package: xparse 2020-02-14 L3 Experimental document command parser
\l__xparse_current_arg_int=\count196
\g__xparse_grabber_int=\count197
\l__xparse_m_args_int=\count198
\l__xparse_v_nesting_int=\count199
)
Package: fontspec 2020/02/03 v2.7h Font selection for XeLaTeX and LuaLaTeX

(/usr/share/texlive/texmf-dist/tex/latex/fontspec/fontspec-xetex.sty
Package: fontspec-xetex 2020/02/03 v2.7h Font selection for XeLaTeX and LuaLaTe
X
\l__fontspec_script_int=\count266
\l__fontspec_language_int=\count267
\l__fontspec_strnum_int=\count268
\l__fontspec_tmp_int=\count269
\l__fontspec_tmpa_int=\count270
\l__fontspec_tmpb_int=\count271
\l__fontspec_tmpc_int=\count272
\l__fontspec_em_int=\count273
\l__fontspec_emdef_int=\count274
\l__fontspec_strong_int=\count275
\l__fontspec_strongdef_int=\count276
\l__fontspec_tmpa_dim=\dimen145
\l__fontspec_tmpb_dim=\dimen146
\l__fontspec_tmpc_dim=\dimen147

(/usr/share/texlive/texmf-dist/tex/latex/base/fontenc.sty
Package: fontenc 2020/02/11 v2.0o Standard LaTeX package
)
(/usr/share/texlive/texmf-dist/tex/latex/fontspec/fontspec.cfg)))
(/usr/share/texlive/texmf-dist/tex/latex/multirow/multirow.sty
Package: multirow 2019/05/31 v2.5 Span multiple rows of a table
\multirow@colwidth=\skip49
\multirow@cntb=\count277
\multirow@dima=\skip50
\bigstrutjot=\dimen148
)
(/usr/share/texlive/texmf-dist/tex/latex/tools/afterpage.sty
Package: afterpage 2014/10/28 v1.08 After-Page Package (DPC)
\AP@output=\toks16
\AP@partial=\box46
\AP@footins=\box47
)
(/usr/share/texlive/texmf-dist/tex/latex/tools/layout.sty
Package: layout 2014/10/28 v1.2c Show layout parameters
\oneinch=\count278
\cnt@paperwidth=\count279
\cnt@paperheight=\count280
\cnt@hoffset=\count281
\cnt@voffset=\count282
\cnt@textheight=\count283
\cnt@textwidth=\count284
\cnt@topmargin=\count285
\cnt@oddsidemargin=\count286
\cnt@evensidemargin=\count287
\cnt@headheight=\count288
\cnt@headsep=\count289
\cnt@marginparsep=\count290
\cnt@marginparwidth=\count291
\cnt@marginparpush=\count292
\cnt@footskip=\count293
\fheight=\count294
\ref@top=\count295
\ref@hoffset=\count296
\ref@voffset=\count297
\ref@head=\count298
\ref@body=\count299
\ref@foot=\count300
\ref@margin=\count301
\ref@marginwidth=\count302
\ref@marginpar=\count303
\Interval=\count304
\ExtraYPos=\count305
\PositionX=\count306
\PositionY=\count307
\ArrowLength=\count308
)
(/usr/share/texlive/texmf-dist/tex/latex/fancyhdr/fancyhdr.sty
Package: fancyhdr 2019/01/31 v3.10 Extensive control of page headers and footer
s
\f@nch@headwidth=\skip51
\f@nch@O@elh=\skip52
\f@nch@O@erh=\skip53
\f@nch@O@olh=\skip54
\f@nch@O@orh=\skip55
\f@nch@O@elf=\skip56
\f@nch@O@erf=\skip57
\f@nch@O@olf=\skip58
\f@nch@O@orf=\skip59
)
(/usr/share/texlive/texmf-dist/tex/latex/xcolor/xcolor.sty
Package: xcolor 2016/05/11 v2.12 LaTeX color extensions (UK)

(/usr/share/texlive/texmf-dist/tex/latex/graphics-cfg/color.cfg
File: color.cfg 2016/01/02 v1.6 sample color configuration
)
Package xcolor Info: Driver file: xetex.def on input line 225.
Package xcolor Info: Model `cmy' substituted by `cmy0' on input line 1348.
Package xcolor Info: Model `RGB' extended on input line 1364.
Package xcolor Info: Model `HTML' substituted by `rgb' on input line 1366.
Package xcolor Info: Model `Hsb' substituted by `hsb' on input line 1367.
Package xcolor Info: Model `tHsb' substituted by `hsb' on input line 1368.
Package xcolor Info: Model `HSB' substituted by `hsb' on input line 1369.
Package xcolor Info: Model `Gray' substituted by `gray' on input line 1370.
Package xcolor Info: Model `wave' substituted by `hsb' on input line 1371.
)
(/usr/share/texlive/texmf-dist/tex/latex/apacite/apacite.sty
Package: apacite 2013/07/21 v6.03 APA citation
\c@BibCnt=\count309
\bibleftmargin=\skip60
\bibindent=\skip61
\bibparsep=\skip62
\bibitemsep=\skip63
\biblabelsep=\skip64
)
(/usr/share/texlive/texmf-dist/tex/latex/caption/caption.sty
Package: caption 2020/01/03 v3.4h Customizing captions (AR)

(/usr/share/texlive/texmf-dist/tex/latex/caption/caption3.sty
Package: caption3 2020/01/03 v1.8h caption3 kernel (AR)
Package caption3 Info: TeX engine: e-TeX on input line 61.
\captionmargin=\dimen149
\captionmargin@=\dimen150
\captionwidth=\dimen151
\caption@tempdima=\dimen152
\caption@indent=\dimen153
\caption@parindent=\dimen154
\caption@hangindent=\dimen155
Package caption Info: Standard document class detected.
)
\c@caption@flags=\count310
\c@continuedfloat=\count311
)
(/usr/share/texlive/texmf-dist/tex/latex/base/fix-cm.sty
Package: fix-cm 2015/01/14 v1.1t fixes to LaTeX

(/usr/share/texlive/texmf-dist/tex/latex/base/ts1enc.def
File: ts1enc.def 2001/06/05 v3.0e (jk/car/fm) Standard LaTeX file
LaTeX Font Info:    Redeclaring font encoding TS1 on input line 47.
))
(/usr/share/texlive/texmf-dist/tex/latex/float/float.sty
Package: float 2001/11/08 v1.3d Float enhancements (AL)
\c@float@type=\count312
\float@exts=\toks17
\float@box=\box48
\@float@everytoks=\toks18
\@floatcapt=\box49
)
(/usr/share/texlive/texmf-dist/tex/latex/makecell/makecell.sty
Package: makecell 2009/08/03 V0.1e Managing of Tab Column Heads and Cells

(/usr/share/texlive/texmf-dist/tex/latex/tools/array.sty
Package: array 2019/08/31 v2.4l Tabular extension package (FMi)
\col@sep=\dimen156
\ar@mcellbox=\box50
\extrarowheight=\dimen157
\NC@list=\toks19
\extratabsurround=\skip65
\backup@length=\skip66
\ar@cellbox=\box51
)
\rotheadsize=\dimen158
\c@nlinenum=\count313
\TeXr@lab=\toks20
)
(/usr/share/texlive/texmf-dist/tex/latex/tools/tabularx.sty
Package: tabularx 2020/01/15 v2.11c `tabularx' package (DPC)
\TX@col@width=\dimen159
\TX@old@table=\dimen160
\TX@old@col=\dimen161
\TX@target=\dimen162
\TX@delta=\dimen163
\TX@cols=\count314
\TX@ftn=\toks21
)
(/usr/share/texlive/texmf-dist/tex/latex/titlesec/titlesec.sty
Package: titlesec 2019/10/16 v2.13 Sectioning titles
\ttl@box=\box52
\beforetitleunit=\skip67
\aftertitleunit=\skip68
\ttl@plus=\dimen164
\ttl@minus=\dimen165
\ttl@toksa=\toks22
\titlewidth=\dimen166
\titlewidthlast=\dimen167
\titlewidthfirst=\dimen168
)
(/usr/share/texlive/texmf-dist/tex/latex/etoolbox/etoolbox.sty
Package: etoolbox 2019/09/21 v2.5h e-TeX tools for LaTeX (JAW)
\etb@tempcnta=\count315
)
(/usr/share/texlive/texmf-dist/tex/latex/glossaries/base/glossaries.sty
Package: glossaries 2020/02/13 v4.45 (NLCT)

(/usr/share/texlive/texmf-dist/tex/latex/base/ifthen.sty
Package: ifthen 2014/09/29 v1.1c Standard LaTeX ifthen package (DPC)
)
(/usr/share/texlive/texmf-dist/tex/latex/xkeyval/xkeyval.sty
Package: xkeyval 2014/12/03 v2.7a package option processing (HA)

(/usr/share/texlive/texmf-dist/tex/generic/xkeyval/xkeyval.tex
(/usr/share/texlive/texmf-dist/tex/generic/xkeyval/xkvutils.tex
\XKV@toks=\toks23
\XKV@tempa@toks=\toks24
)
\XKV@depth=\count316
File: xkeyval.tex 2014/12/03 v2.7a key=value parser (HA)
))
(/usr/share/texlive/texmf-dist/tex/latex/mfirstuc/mfirstuc.sty
Package: mfirstuc 2017/11/14 v2.06 (NLCT)
\@glsmfirst=\toks25
\@glsmrest=\toks26
)
(/usr/share/texlive/texmf-dist/tex/latex/textcase/textcase.sty
Package: textcase 2019/09/14 v1.00 Text only upper/lower case changing (DPC)
)
(/usr/share/texlive/texmf-dist/tex/latex/xfor/xfor.sty
Package: xfor 2009/02/05 v1.05 (NLCT)
)
(/usr/share/texlive/texmf-dist/tex/latex/datatool/datatool-base.sty
Package: datatool-base 2019/09/27 v2.32 (NLCT)

(/usr/share/texlive/texmf-dist/tex/latex/amsmath/amsmath.sty
Package: amsmath 2020/01/20 v2.17e AMS math features
\@mathmargin=\skip69

For additional information on amsmath, use the `?' option.
(/usr/share/texlive/texmf-dist/tex/latex/amsmath/amstext.sty
Package: amstext 2000/06/29 v2.01 AMS text

(/usr/share/texlive/texmf-dist/tex/latex/amsmath/amsgen.sty
File: amsgen.sty 1999/11/30 v2.0 generic functions
\@emptytoks=\toks27
\ex@=\dimen169
))
(/usr/share/texlive/texmf-dist/tex/latex/amsmath/amsbsy.sty
Package: amsbsy 1999/11/29 v1.2d Bold Symbols
\pmbraise@=\dimen170
)
(/usr/share/texlive/texmf-dist/tex/latex/amsmath/amsopn.sty
Package: amsopn 2016/03/08 v2.02 operator names
)
\inf@bad=\count317
LaTeX Info: Redefining \frac on input line 227.
\uproot@=\count318
\leftroot@=\count319
LaTeX Info: Redefining \overline on input line 389.
\classnum@=\count320
\DOTSCASE@=\count321
LaTeX Info: Redefining \ldots on input line 486.
LaTeX Info: Redefining \dots on input line 489.
LaTeX Info: Redefining \cdots on input line 610.
\Mathstrutbox@=\box53
\strutbox@=\box54
\big@size=\dimen171
LaTeX Font Info:    Redeclaring font encoding OML on input line 733.
LaTeX Font Info:    Redeclaring font encoding OMS on input line 734.
\macc@depth=\count322
\c@MaxMatrixCols=\count323
\dotsspace@=\muskip16
\c@parentequation=\count324
\dspbrk@lvl=\count325
\tag@help=\toks28
\row@=\count326
\column@=\count327
\maxfields@=\count328
\andhelp@=\toks29
\eqnshift@=\dimen172
\alignsep@=\dimen173
\tagshift@=\dimen174
\tagwidth@=\dimen175
\totwidth@=\dimen176
\lineht@=\dimen177
\@envbody=\toks30
\multlinegap=\skip70
\multlinetaggap=\skip71
\mathdisplay@stack=\toks31
LaTeX Info: Redefining \[ on input line 2859.
LaTeX Info: Redefining \] on input line 2860.
)
(/usr/share/texlive/texmf-dist/tex/latex/substr/substr.sty
Package: substr 2009/10/20 v1.2 Handle substrings
\c@su@anzahl=\count329
)
(/usr/share/texlive/texmf-dist/tex/latex/datatool/datatool-fp.sty
Package: datatool-fp 2019/09/27 v2.32 (NLCT)

(/usr/share/texlive/texmf-dist/tex/latex/fp/fp.sty
Package: fp 1995/04/02

`Fixed Point Package', Version 0.8, April 2, 1995 (C) Michael Mehlich
(/usr/share/texlive/texmf-dist/tex/latex/fp/defpattern.sty
Package: defpattern 1994/10/12
\actioncount=\count330
)
(/usr/share/texlive/texmf-dist/tex/latex/fp/fp-basic.sty
Package: fp-basic 1996/05/13
\FP@xs=\count331
\FP@xia=\count332
\FP@xib=\count333
\FP@xfa=\count334
\FP@xfb=\count335
\FP@rega=\count336
\FP@regb=\count337
\FP@regs=\count338
\FP@times=\count339
)
(/usr/share/texlive/texmf-dist/tex/latex/fp/fp-addons.sty
Package: fp-addons 1995/03/15
)
(/usr/share/texlive/texmf-dist/tex/latex/fp/fp-snap.sty
Package: fp-snap 1995/04/05
)
(/usr/share/texlive/texmf-dist/tex/latex/fp/fp-exp.sty
Package: fp-exp 1995/04/03
)
(/usr/share/texlive/texmf-dist/tex/latex/fp/fp-trigo.sty
Package: fp-trigo 1995/04/14
)
(/usr/share/texlive/texmf-dist/tex/latex/fp/fp-pas.sty
Package: fp-pas 1994/08/29
)
(/usr/share/texlive/texmf-dist/tex/latex/fp/fp-random.sty
Package: fp-random 1995/02/23
\FPseed=\count340
)
(/usr/share/texlive/texmf-dist/tex/latex/fp/fp-eqn.sty
Package: fp-eqn 1995/04/03
)
(/usr/share/texlive/texmf-dist/tex/latex/fp/fp-upn.sty
Package: fp-upn 1996/10/21
)
(/usr/share/texlive/texmf-dist/tex/latex/fp/fp-eval.sty
Package: fp-eval 1995/04/03
)))
\@dtl@toks=\toks32
\@dtl@tmpcount=\count341
\dtl@tmplength=\skip72
\dtl@sortresult=\count342
\@dtl@numgrpsepcount=\count343
\@dtl@datatype=\count344
\dtl@codeA=\count345
\dtl@codeB=\count346
\@dtl@foreach@level=\count347
)
(/usr/share/texlive/texmf-dist/tex/latex/glossaries/base/glossaries-compatible-
307.sty
Package: glossaries-compatible-307 2020/02/13 v4.45 (NLCT)
)
\gls@level=\count348
\@gls@tmpb=\toks33
\gls@tmplen=\skip73
\glskeylisttok=\toks34
\glslabeltok=\toks35
\glsshorttok=\toks36
\glslongtok=\toks37

(/usr/share/texlive/texmf-dist/tex/latex/glossaries/styles/glossary-hypernav.st
y
Package: glossary-hypernav 2020/02/13 v4.45 (NLCT)
) (/usr/share/texlive/texmf-dist/tex/latex/glossaries/styles/glossary-list.sty
Package: glossary-list 2020/02/13 v4.45 (NLCT)
\glslistdottedwidth=\skip74
) (/usr/share/texlive/texmf-dist/tex/latex/glossaries/styles/glossary-long.sty
Package: glossary-long 2020/02/13 v4.45 (NLCT)

(/usr/share/texlive/texmf-dist/tex/latex/tools/longtable.sty
Package: longtable 2020/01/07 v4.13 Multi-page Table package (DPC)
\LTleft=\skip75
\LTright=\skip76
\LTpre=\skip77
\LTpost=\skip78
\LTchunksize=\count349
\LTcapwidth=\dimen178
\LT@head=\box55
\LT@firsthead=\box56
\LT@foot=\box57
\LT@lastfoot=\box58
\LT@cols=\count350
\LT@rows=\count351
\c@LT@tables=\count352
\c@LT@chunks=\count353
\LT@p@ftn=\toks38
)
\glsdescwidth=\skip79
\glspagelistwidth=\skip80
)
(/usr/share/texlive/texmf-dist/tex/latex/glossaries/styles/glossary-super.sty
Package: glossary-super 2020/02/13 v4.45 (NLCT)

(/usr/share/texlive/texmf-dist/tex/latex/supertabular/supertabular.sty
Package: supertabular 2020/02/02 v4.1g the supertabular environment
\c@tracingst=\count354
\ST@wd=\dimen179
\ST@rightskip=\skip81
\ST@leftskip=\skip82
\ST@parfillskip=\skip83
\ST@pageleft=\dimen180
\ST@headht=\dimen181
\ST@tailht=\dimen182
\ST@pagesofar=\dimen183
\ST@pboxht=\dimen184
\ST@lineht=\dimen185
\ST@prevht=\dimen186
\ST@toadd=\dimen187
\ST@dimen=\dimen188
\ST@pbox=\box59
))
(/usr/share/texlive/texmf-dist/tex/latex/glossaries/styles/glossary-tree.sty
Package: glossary-tree 2020/02/13 v4.45 (NLCT)
\glstreeindent=\skip84
))
(/usr/share/texlive/texmf-dist/tex/latex/pdfpages/pdfpages.sty
Package: pdfpages 2020/01/28 v0.5q Insert pages of external PDF documents (AM)

(/usr/share/texlive/texmf-dist/tex/latex/tools/calc.sty
Package: calc 2017/05/25 v4.3 Infix arithmetic (KKT,FJ)
\calc@Acount=\count355
\calc@Bcount=\count356
\calc@Adimen=\dimen189
\calc@Bdimen=\dimen190
\calc@Askip=\skip85
\calc@Bskip=\skip86
LaTeX Info: Redefining \setlength on input line 80.
LaTeX Info: Redefining \addtolength on input line 81.
\calc@Ccount=\count357
\calc@Cskip=\skip87
)
(/usr/share/texlive/texmf-dist/tex/latex/eso-pic/eso-pic.sty
Package: eso-pic 2018/04/12 v2.0h eso-pic (RN)

(/usr/share/texlive/texmf-dist/tex/generic/atbegshi/atbegshi.sty
Package: atbegshi 2019/12/05 v1.19 At begin shipout hook (HO)

(/usr/share/texlive/texmf-dist/tex/generic/infwarerr/infwarerr.sty
Package: infwarerr 2019/12/03 v1.5 Providing info/warning/error messages (HO)
)
(/usr/share/texlive/texmf-dist/tex/generic/ltxcmds/ltxcmds.sty
Package: ltxcmds 2019/12/15 v1.24 LaTeX kernel commands for general use (HO)
)))
\AM@pagewidth=\dimen191
\AM@pageheight=\dimen192

(/usr/share/texlive/texmf-dist/tex/latex/pdfpages/ppxetex.def
File: ppxetex.def 2020/01/28 v0.5q Pdfpages driver for XeTeX (AM)
)
\AM@pagebox=\box60
\AM@global@opts=\toks39
\AM@pagecnt=\count358
\AM@toc@title=\toks40
\c@AM@survey=\count359
\AM@templatesizebox=\box61
)
(/usr/share/texlive/texmf-dist/tex/generic/babel/babel.sty
Package: babel 2020/02/14 3.40 The Babel package

(/usr/share/texlive/texmf-dist/tex/generic/babel/switch.def
File: switch.def 2020/02/14 3.40 Babel switching mechanism
)
(/usr/share/texlive/texmf-dist/tex/generic/babel-portuges/portuges.ldf
Language: portuges 2008/03/18 v1.2q Portuguese support from the babel system

(/usr/share/texlive/texmf-dist/tex/generic/babel/babel.def
File: babel.def 2020/02/14 3.40 Babel common definitions
\babel@savecnt=\count360
\U@D=\dimen193

(/usr/share/texlive/texmf-dist/tex/generic/babel/xebabel.def
(/usr/share/texlive/texmf-dist/tex/generic/babel/txtbabel.def))
\bbl@readstream=\read2
\bbl@dirlevel=\count361
)
Package babel Info: Making " an active character on input line 145.
)
(/usr/share/texlive/texmf-dist/tex/generic/babel-english/english.ldf
Language: english 2017/06/06 v3.3r English support from the babel system
Package babel Info: \l@canadian = using hyphenrules for english
(babel)             (\language0) on input line 102.
Package babel Info: \l@australian = using hyphenrules for ukenglish
(babel)             (\language7) on input line 105.
Package babel Info: \l@newzealand = using hyphenrules for ukenglish
(babel)             (\language7) on input line 108.
))

! Package fontspec Error: The font "NewsGotT" cannot be found.

For immediate help type H <return>.
 ...                                              
                                                  
l.52 \setmainfont
                 [

A font might not be found for many reasons.
 Check the spelling, where the font is installed etc. etc.

 When in doubt, ask someone for help!



! Package fontspec Error: The font "NewsGotT" cannot be found.

For immediate help type H <return>.
 ...                                              
                                                  
l.52 \setmainfont
                 [

A font might not be found for many reasons.
 Check the spelling, where the font is installed etc. etc.

 When in doubt, ask someone for help!



! Package fontspec Error: The font "NewsGotT" cannot be found.

For immediate help type H <return>.
 ...                                              
                                                  
l.52 \setmainfont
                 [

A font might not be found for many reasons.
 Check the spelling, where the font is installed etc. etc.

 When in doubt, ask someone for help!



Package fontspec Info: Font family 'NewsGotT.ttf(0)' created for font
(fontspec)             'NewsGotT.ttf' with options [Ligatures=TeX].
(fontspec)              
(fontspec)              This font family consists of the following NFSS
(fontspec)             series/shapes:
(fontspec)              
(fontspec)             - 'normal' (m/n) with NFSS spec.:
(fontspec)             <->"[NewsGotT.ttf]/OT"
(fontspec)             - 'small caps'  (m/sc) with NFSS spec.:
(fontspec)             <->"[NewsGotT.ttf]/OT"

! Font TU/NewsGotT.ttf(0)/m/n/10.95=[NewsGotT.ttf]/OT at 10.95pt not loadable: 
Metric (TFM) file or installed font not found.
<to be read again> 
                   relax 
l.52 \setmainfont
                 [
I wasn't able to read the size data for this font,
so I will ignore the font specification.
[Wizards can fix TFM files using TFtoPL/PLtoTF.]
You might try inserting a different font spec;
e.g., type `I\font<same font id>=<substitute font name>'.


! Package fontspec Error: The font "NewsGotT" cannot be found.

For immediate help type H <return>.
 ...                                              
                                                  
l.58 
     

A font might not be found for many reasons.
 Check the spelling, where the font is installed etc. etc.

 When in doubt, ask someone for help!



! Package fontspec Error: The font "NewsGotT" cannot be found.

For immediate help type H <return>.
 ...                                              
                                                  
l.58 
     

A font might not be found for many reasons.
 Check the spelling, where the font is installed etc. etc.

 When in doubt, ask someone for help!



! Package fontspec Error: The font "NewsGotT" cannot be found.

For immediate help type H <return>.
 ...                                              
                                                  
l.58 
     

A font might not be found for many reasons.
 Check the spelling, where the font is installed etc. etc.

 When in doubt, ask someone for help!



! Package fontspec Error: The font "NewsGotTBold.ttf" cannot be found.

For immediate help type H <return>.
 ...                                              
                                                  
l.58 
     

A font might not be found for many reasons.
 Check the spelling, where the font is installed etc. etc.

 When in doubt, ask someone for help!



! Package fontspec Error: The font "NewsGotTBold" cannot be found.

For immediate help type H <return>.
 ...                                              
                                                  
l.58 
     

A font might not be found for many reasons.
 Check the spelling, where the font is installed etc. etc.

 When in doubt, ask someone for help!



! Package fontspec Error: The font "NewsGotT" cannot be found.

For immediate help type H <return>.
 ...                                              
                                                  
l.58 
     

A font might not be found for many reasons.
 Check the spelling, where the font is installed etc. etc.

 When in doubt, ask someone for help!



! Package fontspec Error: The font "NewsGotT" cannot be found.

For immediate help type H <return>.
 ...                                              
                                                  
l.58 
     

A font might not be found for many reasons.
 Check the spelling, where the font is installed etc. etc.

 When in doubt, ask someone for help!



Package fontspec Info: Font family 'NewsGotT.ttf(1)' created for font
(fontspec)             'NewsGotT.ttf' with options
(fontspec)             [Ligatures=TeX,Ligatures=TeX,AutoFakeSlant=0.20,BoldFont
=NewsGotTBold.ttf].
(fontspec)              
(fontspec)              This font family consists of the following NFSS
(fontspec)             series/shapes:
(fontspec)              
(fontspec)             - 'normal' (m/n) with NFSS spec.:
(fontspec)             <->"[NewsGotT.ttf]/OT"
(fontspec)             - 'small caps'  (m/sc) with NFSS spec.:
(fontspec)             <->"[NewsGotT.ttf]/OT"
(fontspec)             - 'bold' (b/n) with NFSS spec.:
(fontspec)             <->"[NewsGotTBold.ttf]/OT"
(fontspec)             - 'bold small caps'  (b/sc) with NFSS spec.:
(fontspec)             <->"[NewsGotTBold.ttf]/OT"
(fontspec)             - 'italic' (m/it) with NFSS spec.:
(fontspec)             <->"[NewsGotT.ttf]/OT:slant=0.20;"
(fontspec)             - 'italic small caps'  (m/scit) with NFSS spec.:
(fontspec)             <->"[NewsGotT.ttf]/OT:slant=0.20;"

! Font TU/NewsGotT.ttf(1)/m/n/10.95=[NewsGotT.ttf]/OT at 10.95pt not loadable: 
Metric (TFM) file or installed font not found.
<to be read again> 
                   relax 
l.58 
     
I wasn't able to read the size data for this font,
so I will ignore the font specification.
[Wizards can fix TFM files using TFtoPL/PLtoTF.]
You might try inserting a different font spec;
e.g., type `I\font<same font id>=<substitute font name>'.

\@float@every@table=\toks41
(./report.aux)
\openout1 = `report.aux'.

LaTeX Font Info:    Checking defaults for OML/cmm/m/it on input line 96.
LaTeX Font Info:    ... okay on input line 96.
LaTeX Font Info:    Checking defaults for OMS/cmsy/m/n on input line 96.
LaTeX Font Info:    ... okay on input line 96.
LaTeX Font Info:    Checking defaults for OT1/cmr/m/n on input line 96.
LaTeX Font Info:    ... okay on input line 96.
LaTeX Font Info:    Checking defaults for T1/cmr/m/n on input line 96.
LaTeX Font Info:    ... okay on input line 96.
LaTeX Font Info:    Checking defaults for TS1/cmr/m/n on input line 96.
LaTeX Font Info:    ... okay on input line 96.
LaTeX Font Info:    Checking defaults for TU/lmr/m/n on input line 96.
LaTeX Font Info:    ... okay on input line 96.
LaTeX Font Info:    Checking defaults for OMX/cmex/m/n on input line 96.
LaTeX Font Info:    ... okay on input line 96.
LaTeX Font Info:    Checking defaults for U/cmr/m/n on input line 96.
LaTeX Font Info:    ... okay on input line 96.

*geometry* driver: auto-detecting
*geometry* detected driver: xetex
*geometry* verbose mode - [ preamble ] result:
* driver: xetex
* paper: a4paper
* layout: <same size as paper>
* layoutoffset:(h,v)=(0.0pt,0.0pt)
* modes: 
* h-part:(L,W,R)=(71.13188pt, 455.24411pt, 71.13188pt)
* v-part:(T,H,B)=(71.13188pt, 702.78308pt, 71.13188pt)
* \paperwidth=597.50787pt
* \paperheight=845.04684pt
* \textwidth=455.24411pt
* \textheight=702.78308pt
* \oddsidemargin=-1.1381pt
* \evensidemargin=-1.1381pt
* \topmargin=-38.1381pt
* \headheight=12.0pt
* \headsep=25.0pt
* \topskip=11.0pt
* \footskip=30.0pt
* \marginparwidth=50.0pt
* \marginparsep=10.0pt
* \columnsep=10.0pt
* \skip\footins=10.0pt plus 4.0pt minus 2.0pt
* \hoffset=0.0pt
* \voffset=0.0pt
* \mag=1000
* \@twocolumnfalse
* \@twosidefalse
* \@mparswitchfalse
* \@reversemarginfalse
* (1in=72.27pt=25.4mm, 1cm=28.453pt)


Package fontspec Info: Adjusting the maths setup (use [no-math] to avoid
(fontspec)             this).

\symlegacymaths=\mathgroup4
LaTeX Font Info:    Overwriting symbol font `legacymaths' in version `bold'
(Font)                  OT1/cmr/m/n --> OT1/cmr/bx/n on input line 96.
LaTeX Font Info:    Redeclaring math accent \acute on input line 96.
LaTeX Font Info:    Redeclaring math accent \grave on input line 96.
LaTeX Font Info:    Redeclaring math accent \ddot on input line 96.
LaTeX Font Info:    Redeclaring math accent \tilde on input line 96.
LaTeX Font Info:    Redeclaring math accent \bar on input line 96.
LaTeX Font Info:    Redeclaring math accent \breve on input line 96.
LaTeX Font Info:    Redeclaring math accent \check on input line 96.
LaTeX Font Info:    Redeclaring math accent \hat on input line 96.
LaTeX Font Info:    Redeclaring math accent \dot on input line 96.
LaTeX Font Info:    Redeclaring math accent \mathring on input line 96.
LaTeX Font Info:    Redeclaring math symbol \Gamma on input line 96.
LaTeX Font Info:    Redeclaring math symbol \Delta on input line 96.
LaTeX Font Info:    Redeclaring math symbol \Theta on input line 96.
LaTeX Font Info:    Redeclaring math symbol \Lambda on input line 96.
LaTeX Font Info:    Redeclaring math symbol \Xi on input line 96.
LaTeX Font Info:    Redeclaring math symbol \Pi on input line 96.
LaTeX Font Info:    Redeclaring math symbol \Sigma on input line 96.
LaTeX Font Info:    Redeclaring math symbol \Upsilon on input line 96.
LaTeX Font Info:    Redeclaring math symbol \Phi on input line 96.
LaTeX Font Info:    Redeclaring math symbol \Psi on input line 96.
LaTeX Font Info:    Redeclaring math symbol \Omega on input line 96.
LaTeX Font Info:    Redeclaring math symbol \mathdollar on input line 96.
LaTeX Font Info:    Redeclaring symbol font `operators' on input line 96.
LaTeX Font Info:    Encoding `OT1' has changed to `TU' for symbol font
(Font)              `operators' in the math version `normal' on input line 96.
LaTeX Font Info:    Overwriting symbol font `operators' in version `normal'
(Font)                  OT1/cmr/m/n --> TU/NewsGotT.ttf(1)/m/n on input line 96
.
LaTeX Font Info:    Encoding `OT1' has changed to `TU' for symbol font
(Font)              `operators' in the math version `bold' on input line 96.
LaTeX Font Info:    Overwriting symbol font `operators' in version `bold'
(Font)                  OT1/cmr/bx/n --> TU/NewsGotT.ttf(1)/m/n on input line 9
6.
LaTeX Font Info:    Overwriting symbol font `operators' in version `normal'
(Font)                  TU/NewsGotT.ttf(1)/m/n --> TU/NewsGotT.ttf(1)/m/n on in
put line 96.
LaTeX Font Info:    Overwriting math alphabet `\mathit' in version `normal'
(Font)                  OT1/cmr/m/it --> TU/NewsGotT.ttf(1)/m/it on input line 
96.
LaTeX Font Info:    Overwriting math alphabet `\mathbf' in version `normal'
(Font)                  OT1/cmr/bx/n --> TU/NewsGotT.ttf(1)/b/n on input line 9
6.
LaTeX Font Info:    Overwriting math alphabet `\mathsf' in version `normal'
(Font)                  OT1/cmss/m/n --> TU/lmss/m/n on input line 96.
LaTeX Font Info:    Overwriting math alphabet `\mathtt' in version `normal'
(Font)                  OT1/cmtt/m/n --> TU/lmtt/m/n on input line 96.
LaTeX Font Info:    Overwriting symbol font `operators' in version `bold'
(Font)                  TU/NewsGotT.ttf(1)/m/n --> TU/NewsGotT.ttf(1)/b/n on in
put line 96.
LaTeX Font Info:    Overwriting math alphabet `\mathit' in version `bold'
(Font)                  OT1/cmr/bx/it --> TU/NewsGotT.ttf(1)/b/it on input line
 96.
LaTeX Font Info:    Overwriting math alphabet `\mathsf' in version `bold'
(Font)                  OT1/cmss/bx/n --> TU/lmss/b/n on input line 96.
LaTeX Font Info:    Overwriting math alphabet `\mathtt' in version `bold'
(Font)                  OT1/cmtt/m/n --> TU/lmtt/b/n on input line 96.
\c@maskedRefs=\count362
(/usr/share/texlive/texmf-dist/tex/latex/apacite/english.apc
File: english.apc 2013/07/21 v6.03 apacite language file
LaTeX Info: Redefining \BPBI on input line 129.
LaTeX Info: Redefining \BHBI on input line 130.
)
Package caption Info: Begin \AtBeginDocument code.
Package caption Info: float package is loaded.
Package caption Info: longtable package is loaded.

(/usr/share/texlive/texmf-dist/tex/latex/caption/ltcaption.sty
Package: ltcaption 2018/08/26 v1.4a longtable captions (AR)
)
Package caption Info: supertabular package is loaded.
Package caption Info: End \AtBeginDocument code.
\AtBeginShipoutBox=\box62

(/usr/share/texlive/texmf-dist/tex/latex/pdflscape/pdflscape.sty
Package: pdflscape 2019/12/05 v0.12 Display of landscape pages in PDF (HO)

(/usr/share/texlive/texmf-dist/tex/latex/graphics/lscape.sty
Package: lscape 2000/10/22 v3.01 Landscape Pages (DPC)
)
Package pdflscape Info: Auto-detected driver: dvipdfm (xetex) on input line 98.

)

! Package pdfpages Error: Cannot find file `chapter/pdf/capa_Dissertacao.pdf'.

See the pdfpages package documentation for explanation.
Type  H <return>  for immediate help.
 ...                                              
                                                  
l.102 ...tpaper]{chapter/pdf/capa_Dissertacao.pdf}
                                                  
This error message was generated by an \errmessage
command, so I can't give any explicit help.
Pretend that you're Hercule Poirot: Examine all clues,
and deduce the truth by order and method.


! Package pdfpages Error: Cannot find file `1'.

See the pdfpages package documentation for explanation.
Type  H <return>  for immediate help.
 ...                                              
                                                  
l.102 ...tpaper]{chapter/pdf/capa_Dissertacao.pdf}
                                                  
(That was another \errmessage.)

! Undefined control sequence.
\AM@checkpagenumber #1->\ifnum #1>\AM@pagecount 
                                                \relax \ifthenelse {\boolean...
l.102 ...tpaper]{chapter/pdf/capa_Dissertacao.pdf}
                                                  
The control sequence at the end of the top line
of your error message was never \def'ed. If you have
misspelled it (e.g., `\hobx'), type `I' and the correct
spelling (e.g., `I\hbox'). Otherwise just continue,
and I'll forget about whatever was undefined.

! Missing number, treated as zero.
<to be read again> 
                   \relax 
l.102 ...tpaper]{chapter/pdf/capa_Dissertacao.pdf}
                                                  
A number should have been here; I inserted `0'.
(If you can't figure out why I needed to see a number,
look up `weird error' in the index to The TeXbook.)


! Package pdfpages Error: Page 1 of `\AM@currentdocname ' does not exist.

See the pdfpages package documentation for explanation.
Type  H <return>  for immediate help.
 ...                                              
                                                  
l.102 ...tpaper]{chapter/pdf/capa_Dissertacao.pdf}
                                                  
You have set a wrong page number in the `pages' option. Document 
`\AM@currentdocname ' does not have 1 pages.

! Missing endcsname inserted.
<to be read again> 
                   AM@currentdocname 
l.102 ...tpaper]{chapter/pdf/capa_Dissertacao.pdf}
                                                  
The control sequence marked <to be read again> should
not appear between \csname and \endcsname.

! Missing endcsname inserted.
<to be read again> 
                   AM@currentdocname 
l.102 ...tpaper]{chapter/pdf/capa_Dissertacao.pdf}
                                                  
The control sequence marked <to be read again> should
not appear between \csname and \endcsname.

! Extra \endcsname.
<argument> ...csname\AM@currentdocname \endcsname 
                                                  .pdf\endcsname 
l.102 ...tpaper]{chapter/pdf/capa_Dissertacao.pdf}
                                                  
I'm ignoring this, since I wasn't doing a \csname.

Missing character: There is no . in font nullfont!
Missing character: There is no p in font nullfont!
Missing character: There is no d in font nullfont!
Missing character: There is no f in font nullfont!
! Extra \endcsname.
<argument> ...ntdocname \endcsname .pdf\endcsname 
                                                  
l.102 ...tpaper]{chapter/pdf/capa_Dissertacao.pdf}
                                                  
I'm ignoring this, since I wasn't doing a \csname.

Missing character: There is no " in font nullfont!
! Missing endcsname inserted.
<to be read again> 
                   AM@currentdocname 
l.102 ...tpaper]{chapter/pdf/capa_Dissertacao.pdf}
                                                  
The control sequence marked <to be read again> should
not appear between \csname and \endcsname.

! Extra \endcsname.
<argument> ...csname\AM@currentdocname \endcsname 
                                                  .PDF\endcsname 
l.102 ...tpaper]{chapter/pdf/capa_Dissertacao.pdf}
                                                  
I'm ignoring this, since I wasn't doing a \csname.

Missing character: There is no . in font nullfont!
Missing character: There is no P in font nullfont!
Missing character: There is no D in font nullfont!
Missing character: There is no F in font nullfont!
! Extra \endcsname.
<argument> ...ntdocname \endcsname .PDF\endcsname 
                                                  
l.102 ...tpaper]{chapter/pdf/capa_Dissertacao.pdf}
                                                  
I'm ignoring this, since I wasn't doing a \csname.

Missing character: There is no " in font nullfont!
! Missing endcsname inserted.
<to be read again> 
                   AM@currentdocname 
l.102 ...tpaper]{chapter/pdf/capa_Dissertacao.pdf}
                                                  
The control sequence marked <to be read again> should
not appear between \csname and \endcsname.

! Extra \endcsname.
<argument> ...csname\AM@currentdocname \endcsname 
                                                  .ai\endcsname 
l.102 ...tpaper]{chapter/pdf/capa_Dissertacao.pdf}
                                                  
I'm ignoring this, since I wasn't doing a \csname.

Missing character: There is no . in font nullfont!
Missing character: There is no a in font nullfont!
Missing character: There is no i in font nullfont!
! Extra \endcsname.
<argument> ...entdocname \endcsname .ai\endcsname 
                                                  
l.102 ...tpaper]{chapter/pdf/capa_Dissertacao.pdf}
                                                  
I'm ignoring this, since I wasn't doing a \csname.

Missing character: There is no " in font nullfont!
! Missing endcsname inserted.
<to be read again> 
                   AM@currentdocname 
l.102 ...tpaper]{chapter/pdf/capa_Dissertacao.pdf}
                                                  
The control sequence marked <to be read again> should
not appear between \csname and \endcsname.

! Extra \endcsname.
<argument> ...csname\AM@currentdocname \endcsname 
                                                  .AI\endcsname 
l.102 ...tpaper]{chapter/pdf/capa_Dissertacao.pdf}
                                                  
I'm ignoring this, since I wasn't doing a \csname.

Missing character: There is no . in font nullfont!
Missing character: There is no A in font nullfont!
Missing character: There is no I in font nullfont!
! Extra \endcsname.
<argument> ...entdocname \endcsname .AI\endcsname 
                                                  
l.102 ...tpaper]{chapter/pdf/capa_Dissertacao.pdf}
                                                  
I'm ignoring this, since I wasn't doing a \csname.

Missing character: There is no " in font nullfont!
! Missing endcsname inserted.
<to be read again> 
                   AM@currentdocname 
l.102 ...tpaper]{chapter/pdf/capa_Dissertacao.pdf}
                                                  
The control sequence marked <to be read again> should
not appear between \csname and \endcsname.

! Extra \endcsname.
<argument> ...csname\AM@currentdocname \endcsname 
                                                  .png\endcsname 
l.102 ...tpaper]{chapter/pdf/capa_Dissertacao.pdf}
                                                  
I'm ignoring this, since I wasn't doing a \csname.

Missing character: There is no . in font nullfont!
Missing character: There is no p in font nullfont!
Missing character: There is no n in font nullfont!
Missing character: There is no g in font nullfont!
! Extra \endcsname.
<argument> ...ntdocname \endcsname .png\endcsname 
                                                  
l.102 ...tpaper]{chapter/pdf/capa_Dissertacao.pdf}
                                                  
I'm ignoring this, since I wasn't doing a \csname.

Missing character: There is no " in font nullfont!
! Missing endcsname inserted.
<to be read again> 
                   AM@currentdocname 
l.102 ...tpaper]{chapter/pdf/capa_Dissertacao.pdf}
                                                  
The control sequence marked <to be read again> should
not appear between \csname and \endcsname.

! Extra \endcsname.
<argument> ...csname\AM@currentdocname \endcsname 
                                                  .PNG\endcsname 
l.102 ...tpaper]{chapter/pdf/capa_Dissertacao.pdf}
                                                  
I'm ignoring this, since I wasn't doing a \csname.

Missing character: There is no . in font nullfont!
Missing character: There is no P in font nullfont!
Missing character: There is no N in font nullfont!
Missing character: There is no G in font nullfont!
! Extra \endcsname.
<argument> ...ntdocname \endcsname .PNG\endcsname 
                                                  
l.102 ...tpaper]{chapter/pdf/capa_Dissertacao.pdf}
                                                  
I'm ignoring this, since I wasn't doing a \csname.

Missing character: There is no " in font nullfont!
! Missing endcsname inserted.
<to be read again> 
                   AM@currentdocname 
l.102 ...tpaper]{chapter/pdf/capa_Dissertacao.pdf}
                                                  
The control sequence marked <to be read again> should
not appear between \csname and \endcsname.

! Extra \endcsname.
<argument> ...csname\AM@currentdocname \endcsname 
                                                  .jpg\endcsname 
l.102 ...tpaper]{chapter/pdf/capa_Dissertacao.pdf}
                                                  
I'm ignoring this, since I wasn't doing a \csname.

Missing character: There is no . in font nullfont!
Missing character: There is no j in font nullfont!
Missing character: There is no p in font nullfont!
Missing character: There is no g in font nullfont!
! Extra \endcsname.
<argument> ...ntdocname \endcsname .jpg\endcsname 
                                                  
l.102 ...tpaper]{chapter/pdf/capa_Dissertacao.pdf}
                                                  
I'm ignoring this, since I wasn't doing a \csname.

Missing character: There is no " in font nullfont!
! Missing endcsname inserted.
<to be read again> 
                   AM@currentdocname 
l.102 ...tpaper]{chapter/pdf/capa_Dissertacao.pdf}
                                                  
The control sequence marked <to be read again> should
not appear between \csname and \endcsname.

! Extra \endcsname.
<argument> ...csname\AM@currentdocname \endcsname 
                                                  .JPG\endcsname 
l.102 ...tpaper]{chapter/pdf/capa_Dissertacao.pdf}
                                                  
I'm ignoring this, since I wasn't doing a \csname.

Missing character: There is no . in font nullfont!
Missing character: There is no J in font nullfont!
Missing character: There is no P in font nullfont!
Missing character: There is no G in font nullfont!
! Extra \endcsname.
<argument> ...ntdocname \endcsname .JPG\endcsname 
                                                  
l.102 ...tpaper]{chapter/pdf/capa_Dissertacao.pdf}
                                                  
I'm ignoring this, since I wasn't doing a \csname.

Missing character: There is no " in font nullfont!
! Missing endcsname inserted.
<to be read again> 
                   AM@currentdocname 
l.102 ...tpaper]{chapter/pdf/capa_Dissertacao.pdf}
                                                  
The control sequence marked <to be read again> should
not appear between \csname and \endcsname.

! Extra \endcsname.
<argument> ...csname\AM@currentdocname \endcsname 
                                                  .jpeg\endcsname 
l.102 ...tpaper]{chapter/pdf/capa_Dissertacao.pdf}
                                                  
I'm ignoring this, since I wasn't doing a \csname.

Missing character: There is no . in font nullfont!
Missing character: There is no j in font nullfont!
Missing character: There is no p in font nullfont!
Missing character: There is no e in font nullfont!
Missing character: There is no g in font nullfont!
! Extra \endcsname.
<argument> ...tdocname \endcsname .jpeg\endcsname 
                                                  
l.102 ...tpaper]{chapter/pdf/capa_Dissertacao.pdf}
                                                  
I'm ignoring this, since I wasn't doing a \csname.

Missing character: There is no " in font nullfont!
! Missing endcsname inserted.
<to be read again> 
                   AM@currentdocname 
l.102 ...tpaper]{chapter/pdf/capa_Dissertacao.pdf}
                                                  
The control sequence marked <to be read again> should
not appear between \csname and \endcsname.

! Extra \endcsname.
<argument> ...csname\AM@currentdocname \endcsname 
                                                  .JPEG\endcsname 
l.102 ...tpaper]{chapter/pdf/capa_Dissertacao.pdf}
                                                  
I'm ignoring this, since I wasn't doing a \csname.

Missing character: There is no . in font nullfont!
Missing character: There is no J in font nullfont!
Missing character: There is no P in font nullfont!
Missing character: There is no E in font nullfont!
Missing character: There is no G in font nullfont!
! Extra \endcsname.
<argument> ...tdocname \endcsname .JPEG\endcsname 
                                                  
l.102 ...tpaper]{chapter/pdf/capa_Dissertacao.pdf}
                                                  
I'm ignoring this, since I wasn't doing a \csname.

Missing character: There is no " in font nullfont!
! Missing endcsname inserted.
<to be read again> 
                   AM@currentdocname 
l.102 ...tpaper]{chapter/pdf/capa_Dissertacao.pdf}
                                                  
The control sequence marked <to be read again> should
not appear between \csname and \endcsname.

! Extra \endcsname.
<argument> ...csname\AM@currentdocname \endcsname 
                                                  .jp2\endcsname 
l.102 ...tpaper]{chapter/pdf/capa_Dissertacao.pdf}
                                                  
I'm ignoring this, since I wasn't doing a \csname.

Missing character: There is no . in font nullfont!
Missing character: There is no j in font nullfont!
Missing character: There is no p in font nullfont!
Missing character: There is no 2 in font nullfont!
! Extra \endcsname.
<argument> ...ntdocname \endcsname .jp2\endcsname 
                                                  
l.102 ...tpaper]{chapter/pdf/capa_Dissertacao.pdf}
                                                  
I'm ignoring this, since I wasn't doing a \csname.

Missing character: There is no " in font nullfont!
! Missing endcsname inserted.
<to be read again> 
                   AM@currentdocname 
l.102 ...tpaper]{chapter/pdf/capa_Dissertacao.pdf}
                                                  
The control sequence marked <to be read again> should
not appear between \csname and \endcsname.

! Extra \endcsname.
<argument> ...csname\AM@currentdocname \endcsname 
                                                  .JP2\endcsname 
l.102 ...tpaper]{chapter/pdf/capa_Dissertacao.pdf}
                                                  
I'm ignoring this, since I wasn't doing a \csname.

Missing character: There is no . in font nullfont!
Missing character: There is no J in font nullfont!
Missing character: There is no P in font nullfont!
Missing character: There is no 2 in font nullfont!
! Extra \endcsname.
<argument> ...ntdocname \endcsname .JP2\endcsname 
                                                  
l.102 ...tpaper]{chapter/pdf/capa_Dissertacao.pdf}
                                                  
I'm ignoring this, since I wasn't doing a \csname.

Missing character: There is no " in font nullfont!
! Missing endcsname inserted.
<to be read again> 
                   AM@currentdocname 
l.102 ...tpaper]{chapter/pdf/capa_Dissertacao.pdf}
                                                  
The control sequence marked <to be read again> should
not appear between \csname and \endcsname.

! Extra \endcsname.
<argument> ...csname\AM@currentdocname \endcsname 
                                                  .jpf\endcsname 
l.102 ...tpaper]{chapter/pdf/capa_Dissertacao.pdf}
                                                  
I'm ignoring this, since I wasn't doing a \csname.

Missing character: There is no . in font nullfont!
Missing character: There is no j in font nullfont!
Missing character: There is no p in font nullfont!
Missing character: There is no f in font nullfont!
! Extra \endcsname.
<argument> ...ntdocname \endcsname .jpf\endcsname 
                                                  
l.102 ...tpaper]{chapter/pdf/capa_Dissertacao.pdf}
                                                  
I'm ignoring this, since I wasn't doing a \csname.

Missing character: There is no " in font nullfont!
! Missing endcsname inserted.
<to be read again> 
                   AM@currentdocname 
l.102 ...tpaper]{chapter/pdf/capa_Dissertacao.pdf}
                                                  
The control sequence marked <to be read again> should
not appear between \csname and \endcsname.

! Extra \endcsname.
<argument> ...csname\AM@currentdocname \endcsname 
                                                  .JPF\endcsname 
l.102 ...tpaper]{chapter/pdf/capa_Dissertacao.pdf}
                                                  
I'm ignoring this, since I wasn't doing a \csname.

Missing character: There is no . in font nullfont!
Missing character: There is no J in font nullfont!
Missing character: There is no P in font nullfont!
Missing character: There is no F in font nullfont!
! Extra \endcsname.
<argument> ...ntdocname \endcsname .JPF\endcsname 
                                                  
l.102 ...tpaper]{chapter/pdf/capa_Dissertacao.pdf}
                                                  
I'm ignoring this, since I wasn't doing a \csname.

Missing character: There is no " in font nullfont!
! Missing endcsname inserted.
<to be read again> 
                   AM@currentdocname 
l.102 ...tpaper]{chapter/pdf/capa_Dissertacao.pdf}
                                                  
The control sequence marked <to be read again> should
not appear between \csname and \endcsname.

! Extra \endcsname.
<argument> ...csname\AM@currentdocname \endcsname 
                                                  .bmp\endcsname 
l.102 ...tpaper]{chapter/pdf/capa_Dissertacao.pdf}
                                                  
I'm ignoring this, since I wasn't doing a \csname.

Missing character: There is no . in font nullfont!
Missing character: There is no b in font nullfont!
Missing character: There is no m in font nullfont!
Missing character: There is no p in font nullfont!
! Extra \endcsname.
<argument> ...ntdocname \endcsname .bmp\endcsname 
                                                  
l.102 ...tpaper]{chapter/pdf/capa_Dissertacao.pdf}
                                                  
I'm ignoring this, since I wasn't doing a \csname.

Missing character: There is no " in font nullfont!
! Missing endcsname inserted.
<to be read again> 
                   AM@currentdocname 
l.102 ...tpaper]{chapter/pdf/capa_Dissertacao.pdf}
                                                  
The control sequence marked <to be read again> should
not appear between \csname and \endcsname.

! Extra \endcsname.
<argument> ...csname\AM@currentdocname \endcsname 
                                                  .BMP\endcsname 
l.102 ...tpaper]{chapter/pdf/capa_Dissertacao.pdf}
                                                  
I'm ignoring this, since I wasn't doing a \csname.

Missing character: There is no . in font nullfont!
Missing character: There is no B in font nullfont!
Missing character: There is no M in font nullfont!
Missing character: There is no P in font nullfont!
! Extra \endcsname.
<argument> ...ntdocname \endcsname .BMP\endcsname 
                                                  
l.102 ...tpaper]{chapter/pdf/capa_Dissertacao.pdf}
                                                  
I'm ignoring this, since I wasn't doing a \csname.

Missing character: There is no " in font nullfont!
! Missing endcsname inserted.
<to be read again> 
                   AM@currentdocname 
l.102 ...tpaper]{chapter/pdf/capa_Dissertacao.pdf}
                                                  
The control sequence marked <to be read again> should
not appear between \csname and \endcsname.

! Extra \endcsname.
<argument> ...csname\AM@currentdocname \endcsname 
                                                  .ps\endcsname 
l.102 ...tpaper]{chapter/pdf/capa_Dissertacao.pdf}
                                                  
I'm ignoring this, since I wasn't doing a \csname.

Missing character: There is no . in font nullfont!
Missing character: There is no p in font nullfont!
Missing character: There is no s in font nullfont!
! Extra \endcsname.
<argument> ...entdocname \endcsname .ps\endcsname 
                                                  
l.102 ...tpaper]{chapter/pdf/capa_Dissertacao.pdf}
                                                  
I'm ignoring this, since I wasn't doing a \csname.

Missing character: There is no " in font nullfont!
! Missing endcsname inserted.
<to be read again> 
                   AM@currentdocname 
l.102 ...tpaper]{chapter/pdf/capa_Dissertacao.pdf}
                                                  
The control sequence marked <to be read again> should
not appear between \csname and \endcsname.

! Extra \endcsname.
<argument> ...csname\AM@currentdocname \endcsname 
                                                  .PS\endcsname 
l.102 ...tpaper]{chapter/pdf/capa_Dissertacao.pdf}
                                                  
I'm ignoring this, since I wasn't doing a \csname.

Missing character: There is no . in font nullfont!
Missing character: There is no P in font nullfont!
Missing character: There is no S in font nullfont!
! Extra \endcsname.
<argument> ...entdocname \endcsname .PS\endcsname 
                                                  
l.102 ...tpaper]{chapter/pdf/capa_Dissertacao.pdf}
                                                  
I'm ignoring this, since I wasn't doing a \csname.

Missing character: There is no " in font nullfont!
! Missing endcsname inserted.
<to be read again> 
                   AM@currentdocname 
l.102 ...tpaper]{chapter/pdf/capa_Dissertacao.pdf}
                                                  
The control sequence marked <to be read again> should
not appear between \csname and \endcsname.

! Extra \endcsname.
<argument> ...csname\AM@currentdocname \endcsname 
                                                  .eps\endcsname 
l.102 ...tpaper]{chapter/pdf/capa_Dissertacao.pdf}
                                                  
I'm ignoring this, since I wasn't doing a \csname.

Missing character: There is no . in font nullfont!
Missing character: There is no e in font nullfont!
Missing character: There is no p in font nullfont!
Missing character: There is no s in font nullfont!
! Extra \endcsname.
<argument> ...ntdocname \endcsname .eps\endcsname 
                                                  
l.102 ...tpaper]{chapter/pdf/capa_Dissertacao.pdf}
                                                  
I'm ignoring this, since I wasn't doing a \csname.

Missing character: There is no " in font nullfont!
! Missing endcsname inserted.
<to be read again> 
                   AM@currentdocname 
l.102 ...tpaper]{chapter/pdf/capa_Dissertacao.pdf}
                                                  
The control sequence marked <to be read again> should
not appear between \csname and \endcsname.

! Extra \endcsname.
<argument> ...csname\AM@currentdocname \endcsname 
                                                  .EPS\endcsname 
l.102 ...tpaper]{chapter/pdf/capa_Dissertacao.pdf}
                                                  
I'm ignoring this, since I wasn't doing a \csname.

Missing character: There is no . in font nullfont!
Missing character: There is no E in font nullfont!
Missing character: There is no P in font nullfont!
Missing character: There is no S in font nullfont!
! Extra \endcsname.
<argument> ...ntdocname \endcsname .EPS\endcsname 
                                                  
l.102 ...tpaper]{chapter/pdf/capa_Dissertacao.pdf}
                                                  
I'm ignoring this, since I wasn't doing a \csname.

Missing character: There is no " in font nullfont!
! Missing endcsname inserted.
<to be read again> 
                   AM@currentdocname 
l.102 ...tpaper]{chapter/pdf/capa_Dissertacao.pdf}
                                                  
The control sequence marked <to be read again> should
not appear between \csname and \endcsname.

! Extra \endcsname.
<argument> ...csname\AM@currentdocname \endcsname 
                                                  .mps\endcsname 
l.102 ...tpaper]{chapter/pdf/capa_Dissertacao.pdf}
                                                  
I'm ignoring this, since I wasn't doing a \csname.

Missing character: There is no . in font nullfont!
Missing character: There is no m in font nullfont!
Missing character: There is no p in font nullfont!
Missing character: There is no s in font nullfont!
! Extra \endcsname.
<argument> ...ntdocname \endcsname .mps\endcsname 
                                                  
l.102 ...tpaper]{chapter/pdf/capa_Dissertacao.pdf}
                                                  
I'm ignoring this, since I wasn't doing a \csname.

Missing character: There is no " in font nullfont!
! Missing endcsname inserted.
<to be read again> 
                   AM@currentdocname 
l.102 ...tpaper]{chapter/pdf/capa_Dissertacao.pdf}
                                                  
The control sequence marked <to be read again> should
not appear between \csname and \endcsname.

! Extra \endcsname.
<argument> ...csname\AM@currentdocname \endcsname 
                                                  .MPS\endcsname 
l.102 ...tpaper]{chapter/pdf/capa_Dissertacao.pdf}
                                                  
I'm ignoring this, since I wasn't doing a \csname.

Missing character: There is no . in font nullfont!
Missing character: There is no M in font nullfont!
Missing character: There is no P in font nullfont!
Missing character: There is no S in font nullfont!
! Extra \endcsname.
<argument> ...ntdocname \endcsname .MPS\endcsname 
                                                  
l.102 ...tpaper]{chapter/pdf/capa_Dissertacao.pdf}
                                                  
I'm ignoring this, since I wasn't doing a \csname.

Missing character: There is no " in font nullfont!
! Missing endcsname inserted.
<to be read again> 
                   AM@currentdocname 
l.102 ...tpaper]{chapter/pdf/capa_Dissertacao.pdf}
                                                  
The control sequence marked <to be read again> should
not appear between \csname and \endcsname.

! Extra \endcsname.
<argument> ...csname\AM@currentdocname \endcsname 
                                                  .pz\endcsname 
l.102 ...tpaper]{chapter/pdf/capa_Dissertacao.pdf}
                                                  
I'm ignoring this, since I wasn't doing a \csname.

Missing character: There is no . in font nullfont!
Missing character: There is no p in font nullfont!
Missing character: There is no z in font nullfont!
! Extra \endcsname.
<argument> ...entdocname \endcsname .pz\endcsname 
                                                  
l.102 ...tpaper]{chapter/pdf/capa_Dissertacao.pdf}
                                                  
I'm ignoring this, since I wasn't doing a \csname.

Missing character: There is no " in font nullfont!
! Missing endcsname inserted.
<to be read again> 
                   AM@currentdocname 
l.102 ...tpaper]{chapter/pdf/capa_Dissertacao.pdf}
                                                  
The control sequence marked <to be read again> should
not appear between \csname and \endcsname.

! Extra \endcsname.
<argument> ...csname\AM@currentdocname \endcsname 
                                                  .eps.Z\endcsname 
l.102 ...tpaper]{chapter/pdf/capa_Dissertacao.pdf}
                                                  
I'm ignoring this, since I wasn't doing a \csname.

Missing character: There is no . in font nullfont!
Missing character: There is no e in font nullfont!
Missing character: There is no p in font nullfont!
Missing character: There is no s in font nullfont!
Missing character: There is no . in font nullfont!
Missing character: There is no Z in font nullfont!
! Extra \endcsname.
<argument> ...docname \endcsname .eps.Z\endcsname 
                                                  
l.102 ...tpaper]{chapter/pdf/capa_Dissertacao.pdf}
                                                  
I'm ignoring this, since I wasn't doing a \csname.

Missing character: There is no " in font nullfont!
! Missing endcsname inserted.
<to be read again> 
                   AM@currentdocname 
l.102 ...tpaper]{chapter/pdf/capa_Dissertacao.pdf}
                                                  
The control sequence marked <to be read again> should
not appear between \csname and \endcsname.

! Extra \endcsname.
<argument> ...csname\AM@currentdocname \endcsname 
                                                  .ps.Z\endcsname 
l.102 ...tpaper]{chapter/pdf/capa_Dissertacao.pdf}
                                                  
I'm ignoring this, since I wasn't doing a \csname.

Missing character: There is no . in font nullfont!
Missing character: There is no p in font nullfont!
Missing character: There is no s in font nullfont!
Missing character: There is no . in font nullfont!
Missing character: There is no Z in font nullfont!
! Extra \endcsname.
<argument> ...tdocname \endcsname .ps.Z\endcsname 
                                                  
l.102 ...tpaper]{chapter/pdf/capa_Dissertacao.pdf}
                                                  
I'm ignoring this, since I wasn't doing a \csname.

Missing character: There is no " in font nullfont!
! Missing endcsname inserted.
<to be read again> 
                   AM@currentdocname 
l.102 ...tpaper]{chapter/pdf/capa_Dissertacao.pdf}
                                                  
The control sequence marked <to be read again> should
not appear between \csname and \endcsname.

! Extra \endcsname.
<argument> ...csname\AM@currentdocname \endcsname 
                                                  .ps.gz\endcsname 
l.102 ...tpaper]{chapter/pdf/capa_Dissertacao.pdf}
                                                  
I'm ignoring this, since I wasn't doing a \csname.

Missing character: There is no . in font nullfont!
Missing character: There is no p in font nullfont!
Missing character: There is no s in font nullfont!
Missing character: There is no . in font nullfont!
Missing character: There is no g in font nullfont!
Missing character: There is no z in font nullfont!
! Extra \endcsname.
<argument> ...docname \endcsname .ps.gz\endcsname 
                                                  
l.102 ...tpaper]{chapter/pdf/capa_Dissertacao.pdf}
                                                  
I'm ignoring this, since I wasn't doing a \csname.

Missing character: There is no " in font nullfont!
! Missing endcsname inserted.
<to be read again> 
                   AM@currentdocname 
l.102 ...tpaper]{chapter/pdf/capa_Dissertacao.pdf}
                                                  
The control sequence marked <to be read again> should
not appear between \csname and \endcsname.

! Extra \endcsname.
<argument> ...csname\AM@currentdocname \endcsname 
                                                  .eps.gz\endcsname 
l.102 ...tpaper]{chapter/pdf/capa_Dissertacao.pdf}
                                                  
I'm ignoring this, since I wasn't doing a \csname.

Missing character: There is no . in font nullfont!
Missing character: There is no e in font nullfont!
Missing character: There is no p in font nullfont!
Missing character: There is no s in font nullfont!
Missing character: There is no . in font nullfont!
Missing character: There is no g in font nullfont!
Missing character: There is no z in font nullfont!
! Extra \endcsname.
<argument> ...ocname \endcsname .eps.gz\endcsname 
                                                  
l.102 ...tpaper]{chapter/pdf/capa_Dissertacao.pdf}
                                                  
I'm ignoring this, since I wasn't doing a \csname.

Missing character: There is no " in font nullfont!

! LaTeX Error: File `\AM@currentdocname ' not found.

See the LaTeX manual or LaTeX Companion for explanation.
Type  H <return>  for immediate help.
 ...                                              
                                                  
l.102 ...tpaper]{chapter/pdf/capa_Dissertacao.pdf}
                                                  
(That makes 100 errors; please try again.) 
Here is how much of TeX's memory you used:
 13402 strings out of 479819
 256164 string characters out of 5895846
 642393 words of memory out of 5000000
 30304 multiletter control sequences out of 15000+600000
 532354 words of font info for 26 fonts, out of 8000000 for 9000
 1348 hyphenation exceptions out of 8191
 51i,2n,67p,1007b,303s stack positions out of 5000i,500n,10000p,200000b,80000s

No pages of output.
